<?xml version="1.0" encoding="UTF-8"?>
<!-- Generated by org.testng.reporters.JUnitXMLReporter -->
<testsuite ignored="0" hostname="DESKTOP-H706BJI" failures="0" tests="3" name="Test" time="187.433" errors="0" timestamp="2020-03-30T12:21:00 IST">
  <testcase classname="cts.miniproject.test.DdExcelWordpressLogin" name="loginToWordpress" time="17.057"/>
  <testcase classname="cts.miniproject.test.DdExcelWordpressLogin" name="loginToWordpress" time="23.734"/>
  <testcase classname="cts.miniproject.test.DdExcelWordpressLogin" name="loginToWordpress" time="141.07"/>
</testsuite> <!-- Test -->
