<?xml version="1.0" encoding="UTF-8"?>
<testng-results ignored="0" total="3" passed="3" failed="0" skipped="0">
  <reporter-output>
  </reporter-output>
  <suite started-at="2020-03-30T12:17:53 IST" name="Suite" finished-at="2020-03-30T12:21:00 IST" duration-ms="187433">
    <groups>
    </groups>
    <test started-at="2020-03-30T12:17:53 IST" name="Test" finished-at="2020-03-30T12:21:00 IST" duration-ms="187433">
      <class name="cts.miniproject.test.DdExcelWordpressLogin">
        <test-method signature="loginToWordpress(java.lang.String, java.lang.String)[pri:0, instance:cts.miniproject.test.DdExcelWordpressLogin@d4342c2]" started-at="2020-03-30T12:17:55 IST" name="loginToWordpress" data-provider="wordpress" finished-at="2020-03-30T12:18:12 IST" duration-ms="17057" status="PASS">
          <params>
            <param index="0">
              <value>
                <![CDATA[admin]]>
              </value>
            </param>
            <param index="1">
              <value>
                <![CDATA[demo123]]>
              </value>
            </param>
          </params>
          <reporter-output>
          </reporter-output>
        </test-method> <!-- loginToWordpress -->
        <test-method is-config="true" signature="tearDown()[pri:0, instance:cts.miniproject.test.DdExcelWordpressLogin@d4342c2]" started-at="2020-03-30T12:18:12 IST" name="tearDown" finished-at="2020-03-30T12:18:13 IST" duration-ms="1185" status="PASS">
          <reporter-output>
          </reporter-output>
        </test-method> <!-- tearDown -->
        <test-method signature="loginToWordpress(java.lang.String, java.lang.String)[pri:0, instance:cts.miniproject.test.DdExcelWordpressLogin@d4342c2]" started-at="2020-03-30T12:18:13 IST" name="loginToWordpress" data-provider="wordpress" finished-at="2020-03-30T12:18:37 IST" duration-ms="23734" status="PASS">
          <params>
            <param index="0">
              <value>
                <![CDATA[admin]]>
              </value>
            </param>
            <param index="1">
              <value>
                <![CDATA[demo123]]>
              </value>
            </param>
          </params>
          <reporter-output>
          </reporter-output>
        </test-method> <!-- loginToWordpress -->
        <test-method is-config="true" signature="tearDown()[pri:0, instance:cts.miniproject.test.DdExcelWordpressLogin@d4342c2]" started-at="2020-03-30T12:18:37 IST" name="tearDown" finished-at="2020-03-30T12:18:38 IST" duration-ms="1679" status="PASS">
          <reporter-output>
          </reporter-output>
        </test-method> <!-- tearDown -->
        <test-method signature="loginToWordpress(java.lang.String, java.lang.String)[pri:0, instance:cts.miniproject.test.DdExcelWordpressLogin@d4342c2]" started-at="2020-03-30T12:18:38 IST" name="loginToWordpress" data-provider="wordpress" finished-at="2020-03-30T12:20:59 IST" duration-ms="141070" status="PASS">
          <params>
            <param index="0">
              <value>
                <![CDATA[admin]]>
              </value>
            </param>
            <param index="1">
              <value>
                <![CDATA[demo123]]>
              </value>
            </param>
          </params>
          <reporter-output>
          </reporter-output>
        </test-method> <!-- loginToWordpress -->
        <test-method is-config="true" signature="tearDown()[pri:0, instance:cts.miniproject.test.DdExcelWordpressLogin@d4342c2]" started-at="2020-03-30T12:20:59 IST" name="tearDown" finished-at="2020-03-30T12:21:00 IST" duration-ms="837" status="PASS">
          <reporter-output>
          </reporter-output>
        </test-method> <!-- tearDown -->
      </class> <!-- cts.miniproject.test.DdExcelWordpressLogin -->
    </test> <!-- Test -->
  </suite> <!-- Suite -->
</testng-results>
